This is pdfTeX, Version 3.14159265-2.6-1.40.17 (TeX Live 2016) (preloaded format=pdflatex 2016.9.19)  7 JAN 2017 21:07
entering extended mode
 restricted \write18 enabled.
 file:line:error style messages enabled.
 %&-line parsing enabled.
**PiecewiseRigidityGradient.tex
(./PiecewiseRigidityGradient.tex
LaTeX2e <2016/03/31>
Babel <3.9r> and hyphenation patterns for 83 language(s) loaded.
(/usr/local/texlive/2016/texmf-dist/tex/latex/base/article.cls
Document Class: article 2014/09/29 v1.4h Standard LaTeX document class
(/usr/local/texlive/2016/texmf-dist/tex/latex/base/size12.clo
File: size12.clo 2014/09/29 v1.4h Standard LaTeX file (size option)
)
\c@part=\count79
\c@section=\count80
\c@subsection=\count81
\c@subsubsection=\count82
\c@paragraph=\count83
\c@subparagraph=\count84
\c@figure=\count85
\c@table=\count86
\abovecaptionskip=\skip41
\belowcaptionskip=\skip42
\bibindent=\dimen102
)
(/usr/local/texlive/2016/texmf-dist/tex/latex/base/inputenc.sty
Package: inputenc 2015/03/17 v1.2c Input encoding file
\inpenc@prehook=\toks14
\inpenc@posthook=\toks15

(/usr/local/texlive/2016/texmf-dist/tex/latex/base/latin1.def
File: latin1.def 2015/03/17 v1.2c Input encoding file
))
(/usr/local/texlive/2016/texmf-dist/tex/latex/amsmath/amsmath.sty
Package: amsmath 2016/03/10 v2.15b AMS math features
\@mathmargin=\skip43

For additional information on amsmath, use the `?' option.
(/usr/local/texlive/2016/texmf-dist/tex/latex/amsmath/amstext.sty
Package: amstext 2000/06/29 v2.01 AMS text

(/usr/local/texlive/2016/texmf-dist/tex/latex/amsmath/amsgen.sty
File: amsgen.sty 1999/11/30 v2.0 generic functions
\@emptytoks=\toks16
\ex@=\dimen103
))
(/usr/local/texlive/2016/texmf-dist/tex/latex/amsmath/amsbsy.sty
Package: amsbsy 1999/11/29 v1.2d Bold Symbols
\pmbraise@=\dimen104
)
(/usr/local/texlive/2016/texmf-dist/tex/latex/amsmath/amsopn.sty
Package: amsopn 2016/03/08 v2.02 operator names
)
\inf@bad=\count87
LaTeX Info: Redefining \frac on input line 199.
\uproot@=\count88
\leftroot@=\count89
LaTeX Info: Redefining \overline on input line 297.
\classnum@=\count90
\DOTSCASE@=\count91
LaTeX Info: Redefining \ldots on input line 394.
LaTeX Info: Redefining \dots on input line 397.
LaTeX Info: Redefining \cdots on input line 518.
\Mathstrutbox@=\box26
\strutbox@=\box27
\big@size=\dimen105
LaTeX Font Info:    Redeclaring font encoding OML on input line 634.
LaTeX Font Info:    Redeclaring font encoding OMS on input line 635.
\macc@depth=\count92
\c@MaxMatrixCols=\count93
\dotsspace@=\muskip10
\c@parentequation=\count94
\dspbrk@lvl=\count95
\tag@help=\toks17
\row@=\count96
\column@=\count97
\maxfields@=\count98
\andhelp@=\toks18
\eqnshift@=\dimen106
\alignsep@=\dimen107
\tagshift@=\dimen108
\tagwidth@=\dimen109
\totwidth@=\dimen110
\lineht@=\dimen111
\@envbody=\toks19
\multlinegap=\skip44
\multlinetaggap=\skip45
\mathdisplay@stack=\toks20
LaTeX Info: Redefining \[ on input line 2739.
LaTeX Info: Redefining \] on input line 2740.
)
(/usr/local/texlive/2016/texmf-dist/tex/latex/amscls/amsthm.sty
Package: amsthm 2015/03/04 v2.20.2
\thm@style=\toks21
\thm@bodyfont=\toks22
\thm@headfont=\toks23
\thm@notefont=\toks24
\thm@headpunct=\toks25
\thm@preskip=\skip46
\thm@postskip=\skip47
\thm@headsep=\skip48
\dth@everypar=\toks26
)
(/usr/local/texlive/2016/texmf-dist/tex/latex/amsfonts/amssymb.sty
Package: amssymb 2013/01/14 v3.01 AMS font symbols

(/usr/local/texlive/2016/texmf-dist/tex/latex/amsfonts/amsfonts.sty
Package: amsfonts 2013/01/14 v3.01 Basic AMSFonts support
\symAMSa=\mathgroup4
\symAMSb=\mathgroup5
LaTeX Font Info:    Overwriting math alphabet `\mathfrak' in version `bold'
(Font)                  U/euf/m/n --> U/euf/b/n on input line 106.
))
(/usr/local/texlive/2016/texmf-dist/tex/latex/jknapltx/mathrsfs.sty
Package: mathrsfs 1996/01/01 Math RSFS package v1.0 (jk)
\symrsfs=\mathgroup6
)
(/usr/local/texlive/2016/texmf-dist/tex/latex/calrsfs/calrsfs.sty
\symrsfscript=\mathgroup7
)
(/usr/local/texlive/2016/texmf-dist/tex/latex/pgf/frontendlayer/tikz.sty
(/usr/local/texlive/2016/texmf-dist/tex/latex/pgf/basiclayer/pgf.sty
(/usr/local/texlive/2016/texmf-dist/tex/latex/pgf/utilities/pgfrcs.sty
(/usr/local/texlive/2016/texmf-dist/tex/generic/pgf/utilities/pgfutil-common.te
x
\pgfutil@everybye=\toks27
\pgfutil@tempdima=\dimen112
\pgfutil@tempdimb=\dimen113

(/usr/local/texlive/2016/texmf-dist/tex/generic/pgf/utilities/pgfutil-common-li
sts.tex))
(/usr/local/texlive/2016/texmf-dist/tex/generic/pgf/utilities/pgfutil-latex.def
\pgfutil@abb=\box28
(/usr/local/texlive/2016/texmf-dist/tex/latex/ms/everyshi.sty
Package: everyshi 2001/05/15 v3.00 EveryShipout Package (MS)
))
(/usr/local/texlive/2016/texmf-dist/tex/generic/pgf/utilities/pgfrcs.code.tex
Package: pgfrcs 2015/08/07 v3.0.1a (rcs-revision 1.31)
))
Package: pgf 2015/08/07 v3.0.1a (rcs-revision 1.15)
(/usr/local/texlive/2016/texmf-dist/tex/latex/pgf/basiclayer/pgfcore.sty
(/usr/local/texlive/2016/texmf-dist/tex/latex/graphics/graphicx.sty
Package: graphicx 2014/10/28 v1.0g Enhanced LaTeX Graphics (DPC,SPQR)

(/usr/local/texlive/2016/texmf-dist/tex/latex/graphics/keyval.sty
Package: keyval 2014/10/28 v1.15 key=value parser (DPC)
\KV@toks@=\toks28
)
(/usr/local/texlive/2016/texmf-dist/tex/latex/graphics/graphics.sty
Package: graphics 2016/05/09 v1.0r Standard LaTeX Graphics (DPC,SPQR)

(/usr/local/texlive/2016/texmf-dist/tex/latex/graphics/trig.sty
Package: trig 2016/01/03 v1.10 sin cos tan (DPC)
)
(/usr/local/texlive/2016/texmf-dist/tex/latex/graphics-cfg/graphics.cfg
File: graphics.cfg 2016/01/02 v1.10 sample graphics configuration
)
Package graphics Info: Driver file: pdftex.def on input line 96.

(/usr/local/texlive/2016/texmf-dist/tex/latex/pdftex-def/pdftex.def
File: pdftex.def 2011/05/27 v0.06d Graphics/color for pdfTeX

(/usr/local/texlive/2016/texmf-dist/tex/generic/oberdiek/infwarerr.sty
Package: infwarerr 2016/05/16 v1.4 Providing info/warning/error messages (HO)
)
(/usr/local/texlive/2016/texmf-dist/tex/generic/oberdiek/ltxcmds.sty
Package: ltxcmds 2016/05/16 v1.23 LaTeX kernel commands for general use (HO)
)
\Gread@gobject=\count99
))
\Gin@req@height=\dimen114
\Gin@req@width=\dimen115
)
(/usr/local/texlive/2016/texmf-dist/tex/latex/pgf/systemlayer/pgfsys.sty
(/usr/local/texlive/2016/texmf-dist/tex/generic/pgf/systemlayer/pgfsys.code.tex
Package: pgfsys 2014/07/09 v3.0.1a (rcs-revision 1.48)
(/usr/local/texlive/2016/texmf-dist/tex/generic/pgf/utilities/pgfkeys.code.tex
\pgfkeys@pathtoks=\toks29
\pgfkeys@temptoks=\toks30

(/usr/local/texlive/2016/texmf-dist/tex/generic/pgf/utilities/pgfkeysfiltered.c
ode.tex
\pgfkeys@tmptoks=\toks31
))
\pgf@x=\dimen116
\pgf@y=\dimen117
\pgf@xa=\dimen118
\pgf@ya=\dimen119
\pgf@xb=\dimen120
\pgf@yb=\dimen121
\pgf@xc=\dimen122
\pgf@yc=\dimen123
\w@pgf@writea=\write3
\r@pgf@reada=\read1
\c@pgf@counta=\count100
\c@pgf@countb=\count101
\c@pgf@countc=\count102
\c@pgf@countd=\count103
\t@pgf@toka=\toks32
\t@pgf@tokb=\toks33
\t@pgf@tokc=\toks34

(/usr/local/texlive/2016/texmf-dist/tex/generic/pgf/systemlayer/pgf.cfg
File: pgf.cfg 2008/05/14  (rcs-revision 1.7)
)
Driver file for pgf: pgfsys-pdftex.def

(/usr/local/texlive/2016/texmf-dist/tex/generic/pgf/systemlayer/pgfsys-pdftex.d
ef
File: pgfsys-pdftex.def 2014/10/11  (rcs-revision 1.35)

(/usr/local/texlive/2016/texmf-dist/tex/generic/pgf/systemlayer/pgfsys-common-p
df.def
File: pgfsys-common-pdf.def 2013/10/10  (rcs-revision 1.13)
)))
(/usr/local/texlive/2016/texmf-dist/tex/generic/pgf/systemlayer/pgfsyssoftpath.
code.tex
File: pgfsyssoftpath.code.tex 2013/09/09  (rcs-revision 1.9)
\pgfsyssoftpath@smallbuffer@items=\count104
\pgfsyssoftpath@bigbuffer@items=\count105
)
(/usr/local/texlive/2016/texmf-dist/tex/generic/pgf/systemlayer/pgfsysprotocol.
code.tex
File: pgfsysprotocol.code.tex 2006/10/16  (rcs-revision 1.4)
)) (/usr/local/texlive/2016/texmf-dist/tex/latex/xcolor/xcolor.sty
Package: xcolor 2016/05/11 v2.12 LaTeX color extensions (UK)

(/usr/local/texlive/2016/texmf-dist/tex/latex/graphics-cfg/color.cfg
File: color.cfg 2016/01/02 v1.6 sample color configuration
)
Package xcolor Info: Driver file: pdftex.def on input line 225.
Package xcolor Info: Model `cmy' substituted by `cmy0' on input line 1348.
Package xcolor Info: Model `hsb' substituted by `rgb' on input line 1352.
Package xcolor Info: Model `RGB' extended on input line 1364.
Package xcolor Info: Model `HTML' substituted by `rgb' on input line 1366.
Package xcolor Info: Model `Hsb' substituted by `hsb' on input line 1367.
Package xcolor Info: Model `tHsb' substituted by `hsb' on input line 1368.
Package xcolor Info: Model `HSB' substituted by `hsb' on input line 1369.
Package xcolor Info: Model `Gray' substituted by `gray' on input line 1370.
Package xcolor Info: Model `wave' substituted by `hsb' on input line 1371.
)
(/usr/local/texlive/2016/texmf-dist/tex/generic/pgf/basiclayer/pgfcore.code.tex
Package: pgfcore 2010/04/11 v3.0.1a (rcs-revision 1.7)
(/usr/local/texlive/2016/texmf-dist/tex/generic/pgf/math/pgfmath.code.tex
(/usr/local/texlive/2016/texmf-dist/tex/generic/pgf/math/pgfmathcalc.code.tex
(/usr/local/texlive/2016/texmf-dist/tex/generic/pgf/math/pgfmathutil.code.tex)
(/usr/local/texlive/2016/texmf-dist/tex/generic/pgf/math/pgfmathparser.code.tex
\pgfmath@dimen=\dimen124
\pgfmath@count=\count106
\pgfmath@box=\box29
\pgfmath@toks=\toks35
\pgfmath@stack@operand=\toks36
\pgfmath@stack@operation=\toks37
)
(/usr/local/texlive/2016/texmf-dist/tex/generic/pgf/math/pgfmathfunctions.code.
tex
(/usr/local/texlive/2016/texmf-dist/tex/generic/pgf/math/pgfmathfunctions.basic
.code.tex)
(/usr/local/texlive/2016/texmf-dist/tex/generic/pgf/math/pgfmathfunctions.trigo
nometric.code.tex)
(/usr/local/texlive/2016/texmf-dist/tex/generic/pgf/math/pgfmathfunctions.rando
m.code.tex)
(/usr/local/texlive/2016/texmf-dist/tex/generic/pgf/math/pgfmathfunctions.compa
rison.code.tex)
(/usr/local/texlive/2016/texmf-dist/tex/generic/pgf/math/pgfmathfunctions.base.
code.tex)
(/usr/local/texlive/2016/texmf-dist/tex/generic/pgf/math/pgfmathfunctions.round
.code.tex)
(/usr/local/texlive/2016/texmf-dist/tex/generic/pgf/math/pgfmathfunctions.misc.
code.tex)
(/usr/local/texlive/2016/texmf-dist/tex/generic/pgf/math/pgfmathfunctions.integ
erarithmetics.code.tex)))
(/usr/local/texlive/2016/texmf-dist/tex/generic/pgf/math/pgfmathfloat.code.tex
\c@pgfmathroundto@lastzeros=\count107
))
(/usr/local/texlive/2016/texmf-dist/tex/generic/pgf/basiclayer/pgfcorepoints.co
de.tex
File: pgfcorepoints.code.tex 2013/10/07  (rcs-revision 1.27)
\pgf@picminx=\dimen125
\pgf@picmaxx=\dimen126
\pgf@picminy=\dimen127
\pgf@picmaxy=\dimen128
\pgf@pathminx=\dimen129
\pgf@pathmaxx=\dimen130
\pgf@pathminy=\dimen131
\pgf@pathmaxy=\dimen132
\pgf@xx=\dimen133
\pgf@xy=\dimen134
\pgf@yx=\dimen135
\pgf@yy=\dimen136
\pgf@zx=\dimen137
\pgf@zy=\dimen138
)
(/usr/local/texlive/2016/texmf-dist/tex/generic/pgf/basiclayer/pgfcorepathconst
ruct.code.tex
File: pgfcorepathconstruct.code.tex 2013/10/07  (rcs-revision 1.29)
\pgf@path@lastx=\dimen139
\pgf@path@lasty=\dimen140
)
(/usr/local/texlive/2016/texmf-dist/tex/generic/pgf/basiclayer/pgfcorepathusage
.code.tex
File: pgfcorepathusage.code.tex 2014/11/02  (rcs-revision 1.24)
\pgf@shorten@end@additional=\dimen141
\pgf@shorten@start@additional=\dimen142
)
(/usr/local/texlive/2016/texmf-dist/tex/generic/pgf/basiclayer/pgfcorescopes.co
de.tex
File: pgfcorescopes.code.tex 2015/05/08  (rcs-revision 1.46)
\pgfpic=\box30
\pgf@hbox=\box31
\pgf@layerbox@main=\box32
\pgf@picture@serial@count=\count108
)
(/usr/local/texlive/2016/texmf-dist/tex/generic/pgf/basiclayer/pgfcoregraphicst
ate.code.tex
File: pgfcoregraphicstate.code.tex 2014/11/02  (rcs-revision 1.12)
\pgflinewidth=\dimen143
)
(/usr/local/texlive/2016/texmf-dist/tex/generic/pgf/basiclayer/pgfcoretransform
ations.code.tex
File: pgfcoretransformations.code.tex 2015/08/07  (rcs-revision 1.20)
\pgf@pt@x=\dimen144
\pgf@pt@y=\dimen145
\pgf@pt@temp=\dimen146
)
(/usr/local/texlive/2016/texmf-dist/tex/generic/pgf/basiclayer/pgfcorequick.cod
e.tex
File: pgfcorequick.code.tex 2008/10/09  (rcs-revision 1.3)
)
(/usr/local/texlive/2016/texmf-dist/tex/generic/pgf/basiclayer/pgfcoreobjects.c
ode.tex
File: pgfcoreobjects.code.tex 2006/10/11  (rcs-revision 1.2)
)
(/usr/local/texlive/2016/texmf-dist/tex/generic/pgf/basiclayer/pgfcorepathproce
ssing.code.tex
File: pgfcorepathprocessing.code.tex 2013/09/09  (rcs-revision 1.9)
)
(/usr/local/texlive/2016/texmf-dist/tex/generic/pgf/basiclayer/pgfcorearrows.co
de.tex
File: pgfcorearrows.code.tex 2015/05/14  (rcs-revision 1.43)
\pgfarrowsep=\dimen147
)
(/usr/local/texlive/2016/texmf-dist/tex/generic/pgf/basiclayer/pgfcoreshade.cod
e.tex
File: pgfcoreshade.code.tex 2013/07/15  (rcs-revision 1.15)
\pgf@max=\dimen148
\pgf@sys@shading@range@num=\count109
)
(/usr/local/texlive/2016/texmf-dist/tex/generic/pgf/basiclayer/pgfcoreimage.cod
e.tex
File: pgfcoreimage.code.tex 2013/07/15  (rcs-revision 1.18)

(/usr/local/texlive/2016/texmf-dist/tex/generic/pgf/basiclayer/pgfcoreexternal.
code.tex
File: pgfcoreexternal.code.tex 2014/07/09  (rcs-revision 1.21)
\pgfexternal@startupbox=\box33
))
(/usr/local/texlive/2016/texmf-dist/tex/generic/pgf/basiclayer/pgfcorelayers.co
de.tex
File: pgfcorelayers.code.tex 2013/07/18  (rcs-revision 1.7)
)
(/usr/local/texlive/2016/texmf-dist/tex/generic/pgf/basiclayer/pgfcoretranspare
ncy.code.tex
File: pgfcoretransparency.code.tex 2013/09/30  (rcs-revision 1.5)
)
(/usr/local/texlive/2016/texmf-dist/tex/generic/pgf/basiclayer/pgfcorepatterns.
code.tex
File: pgfcorepatterns.code.tex 2013/11/07  (rcs-revision 1.5)
)))
(/usr/local/texlive/2016/texmf-dist/tex/generic/pgf/modules/pgfmoduleshapes.cod
e.tex
File: pgfmoduleshapes.code.tex 2014/03/21  (rcs-revision 1.35)
\pgfnodeparttextbox=\box34
)
(/usr/local/texlive/2016/texmf-dist/tex/generic/pgf/modules/pgfmoduleplot.code.
tex
File: pgfmoduleplot.code.tex 2015/08/03  (rcs-revision 1.13)
)
(/usr/local/texlive/2016/texmf-dist/tex/latex/pgf/compatibility/pgfcomp-version
-0-65.sty
Package: pgfcomp-version-0-65 2007/07/03 v3.0.1a (rcs-revision 1.7)
\pgf@nodesepstart=\dimen149
\pgf@nodesepend=\dimen150
)
(/usr/local/texlive/2016/texmf-dist/tex/latex/pgf/compatibility/pgfcomp-version
-1-18.sty
Package: pgfcomp-version-1-18 2007/07/23 v3.0.1a (rcs-revision 1.1)
))
(/usr/local/texlive/2016/texmf-dist/tex/latex/pgf/utilities/pgffor.sty
(/usr/local/texlive/2016/texmf-dist/tex/latex/pgf/utilities/pgfkeys.sty
(/usr/local/texlive/2016/texmf-dist/tex/generic/pgf/utilities/pgfkeys.code.tex)
) (/usr/local/texlive/2016/texmf-dist/tex/latex/pgf/math/pgfmath.sty
(/usr/local/texlive/2016/texmf-dist/tex/generic/pgf/math/pgfmath.code.tex))
(/usr/local/texlive/2016/texmf-dist/tex/generic/pgf/utilities/pgffor.code.tex
Package: pgffor 2013/12/13 v3.0.1a (rcs-revision 1.25)

(/usr/local/texlive/2016/texmf-dist/tex/generic/pgf/math/pgfmath.code.tex)
\pgffor@iter=\dimen151
\pgffor@skip=\dimen152
\pgffor@stack=\toks38
\pgffor@toks=\toks39
))
(/usr/local/texlive/2016/texmf-dist/tex/generic/pgf/frontendlayer/tikz/tikz.cod
e.tex
Package: tikz 2015/08/07 v3.0.1a (rcs-revision 1.151)

(/usr/local/texlive/2016/texmf-dist/tex/generic/pgf/libraries/pgflibraryplothan
dlers.code.tex
File: pgflibraryplothandlers.code.tex 2013/08/31 v3.0.1a (rcs-revision 1.20)
\pgf@plot@mark@count=\count110
\pgfplotmarksize=\dimen153
)
\tikz@lastx=\dimen154
\tikz@lasty=\dimen155
\tikz@lastxsaved=\dimen156
\tikz@lastysaved=\dimen157
\tikzleveldistance=\dimen158
\tikzsiblingdistance=\dimen159
\tikz@figbox=\box35
\tikz@figbox@bg=\box36
\tikz@tempbox=\box37
\tikz@tempbox@bg=\box38
\tikztreelevel=\count111
\tikznumberofchildren=\count112
\tikznumberofcurrentchild=\count113
\tikz@fig@count=\count114

(/usr/local/texlive/2016/texmf-dist/tex/generic/pgf/modules/pgfmodulematrix.cod
e.tex
File: pgfmodulematrix.code.tex 2013/09/17  (rcs-revision 1.8)
\pgfmatrixcurrentrow=\count115
\pgfmatrixcurrentcolumn=\count116
\pgf@matrix@numberofcolumns=\count117
)
\tikz@expandcount=\count118

(/usr/local/texlive/2016/texmf-dist/tex/generic/pgf/frontendlayer/tikz/librarie
s/tikzlibrarytopaths.code.tex
File: tikzlibrarytopaths.code.tex 2008/06/17 v3.0.1a (rcs-revision 1.2)
)))
(/usr/local/texlive/2016/texmf-dist/tex/latex/pdfsync/pdfsync.sty
Package: pdfsync 2008/01/26 v1.1
)
(/usr/local/texlive/2016/texmf-dist/tex/latex/graphics/epsfig.sty
Package: epsfig 1999/02/16 v1.7a (e)psfig emulation (SPQR)
\epsfxsize=\dimen160
\epsfysize=\dimen161
)
(/usr/local/texlive/2016/texmf-dist/tex/latex/oberdiek/epstopdf.sty
Package: epstopdf 2016/05/15 v2.6 Conversion with epstopdf on the fly (HO)

(/usr/local/texlive/2016/texmf-dist/tex/latex/oberdiek/epstopdf-base.sty
Package: epstopdf-base 2016/05/15 v2.6 Base part for package epstopdf

(/usr/local/texlive/2016/texmf-dist/tex/latex/oberdiek/grfext.sty
Package: grfext 2016/05/16 v1.2 Manage graphics extensions (HO)

(/usr/local/texlive/2016/texmf-dist/tex/generic/oberdiek/kvdefinekeys.sty
Package: kvdefinekeys 2016/05/16 v1.4 Define keys (HO)
))
(/usr/local/texlive/2016/texmf-dist/tex/latex/oberdiek/kvoptions.sty
Package: kvoptions 2016/05/16 v3.12 Key value format for package options (HO)

(/usr/local/texlive/2016/texmf-dist/tex/generic/oberdiek/kvsetkeys.sty
Package: kvsetkeys 2016/05/16 v1.17 Key value parser (HO)

(/usr/local/texlive/2016/texmf-dist/tex/generic/oberdiek/etexcmds.sty
Package: etexcmds 2016/05/16 v1.6 Avoid name clashes with e-TeX commands (HO)

(/usr/local/texlive/2016/texmf-dist/tex/generic/oberdiek/ifluatex.sty
Package: ifluatex 2016/05/16 v1.4 Provides the ifluatex switch (HO)
Package ifluatex Info: LuaTeX not detected.
)
Package etexcmds Info: Could not find \expanded.
(etexcmds)             That can mean that you are not using pdfTeX 1.50 or
(etexcmds)             that some package has redefined \expanded.
(etexcmds)             In the latter case, load this package earlier.
)))
(/usr/local/texlive/2016/texmf-dist/tex/generic/oberdiek/pdftexcmds.sty
Package: pdftexcmds 2016/05/10 v0.21 Utility functions of pdfTeX for LuaTeX (HO
)

(/usr/local/texlive/2016/texmf-dist/tex/generic/oberdiek/ifpdf.sty
Package: ifpdf 2016/05/14 v3.1 Provides the ifpdf switch
)
Package pdftexcmds Info: LuaTeX not detected.
Package pdftexcmds Info: \pdf@primitive is available.
Package pdftexcmds Info: \pdf@ifprimitive is available.
Package pdftexcmds Info: \pdfdraftmode found.
)
Package grfext Info: Graphics extension search list:
(grfext)             [.png,.pdf,.jpg,.mps,.jpeg,.jbig2,.jb2,.PNG,.PDF,.JPG,.JPE
G,.JBIG2,.JB2,.eps]
(grfext)             \AppendGraphicsExtensions on input line 456.

(/usr/local/texlive/2016/texmf-dist/tex/latex/latexconfig/epstopdf-sys.cfg
File: epstopdf-sys.cfg 2010/07/13 v1.3 Configuration of (r)epstopdf for TeX Liv
e
)))
(./mystyle.sty (/usr/local/texlive/2016/texmf-dist/tex/latex/tools/array.sty
Package: array 2014/10/28 v2.4c Tabular extension package (FMi)
\col@sep=\dimen162
\extrarowheight=\dimen163
\NC@list=\toks40
\extratabsurround=\skip49
\backup@length=\skip50
)
(/usr/local/texlive/2016/texmf-dist/tex/latex/tools/tabularx.sty
Package: tabularx 2016/02/03 v2.11 `tabularx' package (DPC)
\TX@col@width=\dimen164
\TX@old@table=\dimen165
\TX@old@col=\dimen166
\TX@target=\dimen167
\TX@delta=\dimen168
\TX@cols=\count119
\TX@ftn=\toks41
)
(/usr/local/texlive/2016/texmf-dist/tex/latex/tools/indentfirst.sty
Package: indentfirst 1995/11/23 v1.03 Indent first paragraph (DPC)
)
(/usr/local/texlive/2016/texmf-dist/tex/latex/float/float.sty
Package: float 2001/11/08 v1.3d Float enhancements (AL)
\c@float@type=\count120
\float@exts=\toks42
\float@box=\box39
\@float@everytoks=\toks43
\@floatcapt=\box40
)
\@float@every@listing=\toks44
\c@listing=\count121
\restsubwidth=\skip51
\restsubheight=\skip52
\restsubmoreheight=\skip53
)
(/usr/local/texlive/2016/texmf-dist/tex/latex/url/url.sty
\Urlmuskip=\muskip11
Package: url 2013/09/16  ver 3.4  Verb mode for urls, etc.
) (./ifb.sty
(/usr/local/texlive/2016/texmf-dist/tex/latex/tools/verbatim.sty
Package: verbatim 2014/10/28 v1.5q LaTeX2e package for verbatim enhancements
\every@verbatim=\toks45
\verbatim@line=\toks46
\verbatim@in@stream=\read2
)
(/usr/local/texlive/2016/texmf-dist/tex/latex/psnfss/times.sty
Package: times 2005/04/12 PSNFSS-v9.2a (SPQR) 
)
(/usr/local/texlive/2016/texmf-dist/tex/latex/tools/enumerate.sty
Package: enumerate 2015/07/23 v3.00 enumerate extensions (DPC)
\@enLab=\toks47
)
\c@thm=\count122
)
(./PiecewiseRigidityGradient.aux

LaTeX Warning: Label `grad-sob' multiply defined.

)
\openout1 = `PiecewiseRigidityGradient.aux'.

LaTeX Font Info:    Checking defaults for OML/cmm/m/it on input line 47.
LaTeX Font Info:    ... okay on input line 47.
LaTeX Font Info:    Checking defaults for T1/cmr/m/n on input line 47.
LaTeX Font Info:    ... okay on input line 47.
LaTeX Font Info:    Checking defaults for OT1/cmr/m/n on input line 47.
LaTeX Font Info:    ... okay on input line 47.
LaTeX Font Info:    Checking defaults for OMS/cmsy/m/n on input line 47.
LaTeX Font Info:    ... okay on input line 47.
LaTeX Font Info:    Checking defaults for OMX/cmex/m/n on input line 47.
LaTeX Font Info:    ... okay on input line 47.
LaTeX Font Info:    Checking defaults for U/cmr/m/n on input line 47.
LaTeX Font Info:    ... okay on input line 47.
LaTeX Font Info:    Try loading font information for OT1+ptm on input line 47.
 (/usr/local/texlive/2016/texmf-dist/tex/latex/psnfss/ot1ptm.fd
File: ot1ptm.fd 2001/06/04 font definitions for OT1/ptm.
)
ABD: EveryShipout initializing macros
(/usr/local/texlive/2016/texmf-dist/tex/context/base/mkii/supp-pdf.mkii
[Loading MPS to PDF converter (version 2006.09.02).]
\scratchcounter=\count123
\scratchdimen=\dimen169
\scratchbox=\box41
\nofMPsegments=\count124
\nofMParguments=\count125
\everyMPshowfont=\toks48
\MPscratchCnt=\count126
\MPscratchDim=\dimen170
\MPnumerator=\count127
\makeMPintoPDFobject=\count128
\everyMPtoPDFconversion=\toks49
)
Configuring pdfsync
\PDFSYNC@ut=\write4
\openout4 = `PiecewiseRigidityGradient.pdfsync'.

\PDFSYNCf@li@=\count129
\PDFSYNC@rder=\count130
**** pdfsync.sty: Synchronizing at \everypar
\PDFSYNCeveryp@r=\toks50
**** pdfsync.sty: Synchronizing at \everymath
\PDFSYNCeverym@th=\toks51
**** pdfsync.sty: Synchronizing at \everyhbox
\PDFSYNCeveryhb@x=\toks52
**** pdfsync.sty: Synchronizing at \everyvbox
\PDFSYNCeveryvb@x=\toks53
**** pdfsync.sty: started
LaTeX Font Info:    Try loading font information for U+msa on input line 49.
 (/usr/local/texlive/2016/texmf-dist/tex/latex/amsfonts/umsa.fd
File: umsa.fd 2013/01/14 v3.01 AMS symbols A
)
LaTeX Font Info:    Try loading font information for U+msb on input line 49.

(/usr/local/texlive/2016/texmf-dist/tex/latex/amsfonts/umsb.fd
File: umsb.fd 2013/01/14 v3.01 AMS symbols B
)
LaTeX Font Info:    Try loading font information for U+rsfs on input line 49.

(/usr/local/texlive/2016/texmf-dist/tex/latex/jknapltx/ursfs.fd
File: ursfs.fd 1998/03/24 rsfs font definition file (jk)
)
LaTeX Font Info:    Try loading font information for OMS+rsfs on input line 49.


(/usr/local/texlive/2016/texmf-dist/tex/latex/calrsfs/OMSrsfs.fd)
LaTeX Font Info:    Try loading font information for OMS+ptm on input line 49.

(/usr/local/texlive/2016/texmf-dist/tex/latex/psnfss/omsptm.fd
File: omsptm.fd 
)
LaTeX Font Info:    Font shape `OMS/ptm/m/n' in size <10> not available
(Font)              Font shape `OMS/cmsy/m/n' tried instead on input line 49.
LaTeX Font Info:    Font shape `OMS/ptm/m/n' in size <7> not available
(Font)              Font shape `OMS/cmsy/m/n' tried instead on input line 49.
LaTeX Font Info:    Try loading font information for OT1+pcr on input line 49.

(/usr/local/texlive/2016/texmf-dist/tex/latex/psnfss/ot1pcr.fd
File: ot1pcr.fd 2001/06/04 font definitions for OT1/pcr.
)
LaTeX Font Info:    Try loading font information for OMS+pcr on input line 49.

(/usr/local/texlive/2016/texmf-dist/tex/latex/psnfss/omspcr.fd
File: omspcr.fd 
)
LaTeX Font Info:    Font shape `OMS/pcr/m/n' in size <10> not available
(Font)              Font shape `OMS/cmsy/m/n' tried instead on input line 49.

(./sec-abstract.tex
LaTeX Font Info:    Font shape `OT1/ptm/bx/n' in size <10.95> not available
(Font)              Font shape `OT1/ptm/b/n' tried instead on input line 1.
) (./sec-intro.tex
LaTeX Font Info:    Font shape `OT1/ptm/bx/n' in size <17.28> not available
(Font)              Font shape `OT1/ptm/b/n' tried instead on input line 1.
LaTeX Font Info:    Font shape `OT1/ptm/bx/n' in size <14.4> not available
(Font)              Font shape `OT1/ptm/b/n' tried instead on input line 9.
LaTeX Font Info:    Font shape `OT1/ptm/bx/n' in size <12> not available
(Font)              Font shape `OT1/ptm/b/n' tried instead on input line 15.
 [1

{/usr/local/texlive/2016/texmf-var/fonts/map/pdftex/updmap/pdftex.map}] [2] [3]
) (./sec-finsler-descent.tex [4]
[5] [6] [7]) (./sec-space-curves.tex [8] [9] [10] [11] [12]
Overfull \hbox (3.18709pt too wide) in paragraph at lines 266--268
[][][]\OT1/ptm/m/n/12 This shows that the Finsler gra-di-ent flow can ac-tu-all
y be de-fined over the quo-tient space $[][]\OMS/rsfs/m/n/12 B\OML/cmm/m/it/12 
=G[]$\OT1/ptm/m/n/12 .
 []

) (./sec-piecewise-rigid.tex [13] [14] [15] [16] [17] [18] [19] [20])
(./sec-curve-matching.tex [21] [22]
Overfull \hbox (4.65428pt too wide) in paragraph at lines 151--154
\OT1/ptm/m/n/12 where $[][]\OT1/cmr/m/n/12 ^^@[]$ \OT1/ptm/m/n/12 is the in-put
 curve to be matched to $[][]\OT1/cmr/m/n/12 ^^C$\OT1/ptm/m/n/12 , $[][]\OMS/cm
sy/m/n/12 r[]\OML/cmm/m/it/12 E$ \OT1/ptm/m/n/12 is de-fined by [] (us-ing $[][
]\OML/cmm/m/it/12 H \OT1/cmr/m/n/12 = \OML/cmm/m/it/12 W[]\OT1/cmr/m/n/12 (\U/m
sb/m/n/12 S[]\OML/cmm/m/it/12 ; \U/msb/m/n/12 R[]\OT1/cmr/m/n/12 )$\OT1/ptm/m/n
/12 )
 []

[23] [24]) (./sec-discretization.tex [25] [26] [27] [28] [29] [30] [31]
[32]) (./sec-numerics.tex <./images/Field.pdf, id=128, 474.77374pt x 369.38pt>
File: ./images/Field.pdf Graphic file (type pdf)

<use ./images/Field.pdf>
Package pdftex.def Info: ./images/Field.pdf used on input line 42.
(pdftex.def)             Requested size: 142.54974pt x 110.90503pt.


LaTeX Warning: `!h' float specifier changed to `!ht'.

[33] <./images/rod1-rho.pdf, id=132, 476.78125pt x 369.38pt>
File: ./images/rod1-rho.pdf Graphic file (type pdf)

<use ./images/rod1-rho.pdf>
Package pdftex.def Info: ./images/rod1-rho.pdf used on input line 52.
(pdftex.def)             Requested size: 142.54974pt x 110.43721pt.

<./images/rod2-rho.pdf, id=133, 476.78125pt x 369.38pt>
File: ./images/rod2-rho.pdf Graphic file (type pdf)

<use ./images/rod2-rho.pdf>
Package pdftex.def Info: ./images/rod2-rho.pdf used on input line 53.
(pdftex.def)             Requested size: 142.54974pt x 110.43721pt.

<./images/rod3-rho.pdf, id=134, 475.7775pt x 369.38pt>
File: ./images/rod3-rho.pdf Graphic file (type pdf)

<use ./images/rod3-rho.pdf>
Package pdftex.def Info: ./images/rod3-rho.pdf used on input line 55.
(pdftex.def)             Requested size: 142.54974pt x 110.67393pt.

<./images/rod4-rho.pdf, id=135, 476.78125pt x 369.38pt>
File: ./images/rod4-rho.pdf Graphic file (type pdf)

<use ./images/rod4-rho.pdf>
Package pdftex.def Info: ./images/rod4-rho.pdf used on input line 56.
(pdftex.def)             Requested size: 142.54974pt x 110.43721pt.

Overfull \hbox (0.15419pt too wide) in paragraph at lines 70--71
[][][]\OT1/ptm/m/n/12 In or-der to ob-tain good match-ing re-sults, it is im-po
r-tant to se-lect the pa-ram-e-ters $[][]\OT1/cmr/m/n/12 (\OML/cmm/m/it/12 ^^\;
 ^^[; ^^N\OT1/cmr/m/n/12 )$ \OT1/ptm/m/n/12 (see []
 []

[34 <./images/Field.pdf> <./images/rod1-rho.pdf> <./images/rod2-rho.pdf> <./ima
ges/rod3-rho.pdf> <./images/rod4-rho.pdf>]
<./images/man-finsler-rigid--initial.pdf, id=169, 452.69125pt x 311.1625pt>
File: ./images/man-finsler-rigid--initial.pdf Graphic file (type pdf)

<use ./images/man-finsler-rigid--initial.pdf>
Package pdftex.def Info: ./images/man-finsler-rigid--initial.pdf used on input 
line 75.
(pdftex.def)             Requested size: 131.34618pt x 90.28174pt.

<./images/man-finsler-rigid-5.pdf, id=170, 452.69125pt x 311.1625pt>
File: ./images/man-finsler-rigid-5.pdf Graphic file (type pdf)

<use ./images/man-finsler-rigid-5.pdf>
Package pdftex.def Info: ./images/man-finsler-rigid-5.pdf used on input line 76
.
(pdftex.def)             Requested size: 131.34618pt x 90.28174pt.

<./images/man-finsler-rigid-8.pdf, id=171, 452.69125pt x 313.17pt>
File: ./images/man-finsler-rigid-8.pdf Graphic file (type pdf)

<use ./images/man-finsler-rigid-8.pdf>
Package pdftex.def Info: ./images/man-finsler-rigid-8.pdf used on input line 77
.
(pdftex.def)             Requested size: 130.50345pt x 90.28174pt.

<./images/man-finsler-rigid-18.pdf, id=172, 452.69125pt x 317.185pt>
File: ./images/man-finsler-rigid-18.pdf Graphic file (type pdf)

<use ./images/man-finsler-rigid-18.pdf>
Package pdftex.def Info: ./images/man-finsler-rigid-18.pdf used on input line 7
8.
(pdftex.def)             Requested size: 128.85255pt x 90.28174pt.

<./images/man-finsler-rigid--final.pdf, id=173, 413.545pt x 291.0875pt>
File: ./images/man-finsler-rigid--final.pdf Graphic file (type pdf)

<use ./images/man-finsler-rigid--final.pdf>
Package pdftex.def Info: ./images/man-finsler-rigid--final.pdf used on input li
ne 79.
(pdftex.def)             Requested size: 128.26071pt x 90.28174pt.

<./images/man-bissobolev-initial.pdf, id=174, 364.36125pt x 250.9375pt>
File: ./images/man-bissobolev-initial.pdf Graphic file (type pdf)

<use ./images/man-bissobolev-initial.pdf>
Package pdftex.def Info: ./images/man-bissobolev-initial.pdf used on input line
 80.
(pdftex.def)             Requested size: 131.0921pt x 90.28174pt.

<./images/man-bissobolev5.pdf, id=175, 364.36125pt x 252.945pt>
File: ./images/man-bissobolev5.pdf Graphic file (type pdf)

<use ./images/man-bissobolev5.pdf>
Package pdftex.def Info: ./images/man-bissobolev5.pdf used on input line 81.
(pdftex.def)             Requested size: 130.04688pt x 90.28174pt.

<./images/man-bissobolev8.pdf, id=176, 364.36125pt x 256.96pt>
File: ./images/man-bissobolev8.pdf Graphic file (type pdf)

<use ./images/man-bissobolev8.pdf>
Package pdftex.def Info: ./images/man-bissobolev8.pdf used on input line 82.
(pdftex.def)             Requested size: 128.0176pt x 90.28174pt.

<./images/man-bissobolev10.pdf, id=177, 364.36125pt x 256.96pt>
File: ./images/man-bissobolev10.pdf Graphic file (type pdf)

<use ./images/man-bissobolev10.pdf>
Package pdftex.def Info: ./images/man-bissobolev10.pdf used on input line 83.
(pdftex.def)             Requested size: 128.0176pt x 90.28174pt.

<./images/man-bissobolev-final.pdf, id=178, 364.36125pt x 258.9675pt>
File: ./images/man-bissobolev-final.pdf Graphic file (type pdf)

<use ./images/man-bissobolev-final.pdf>
Package pdftex.def Info: ./images/man-bissobolev-final.pdf used on input line 8
4.
(pdftex.def)             Requested size: 127.0224pt x 90.28174pt.

Overfull \hbox (0.1699pt too wide) in paragraph at lines 90--91
[][][]\OT1/ptm/m/n/12 The piece-wise rigid gra-di-ent is par-tic-u-larly ef-fi-
cient in this set-ting where the curves to be matched
 []

) (./sec-piecewise-similarity.tex
Underfull \vbox (badness 3068) has occurred while \output is active []

 [35 <./images/man-finsler-rigid--initial.pdf> <./images/man-finsler-rigid-5.pd
f> <./images/man-finsler-rigid-8.pdf> <./images/man-finsler-rigid-18.pdf> <./im
ages/man-finsler-rigid--final.pdf> <./images/man-bissobolev-initial.pdf> <./ima
ges/man-bissobolev5.pdf> <./images/man-bissobolev8.pdf> <./images/man-bissobole
v10.pdf> <./images/man-bissobolev-final.pdf>] [36] [37]
<./images/rod1-lambda.pdf, id=210, 476.78125pt x 369.38pt>
File: ./images/rod1-lambda.pdf Graphic file (type pdf)

<use ./images/rod1-lambda.pdf>
Package pdftex.def Info: ./images/rod1-lambda.pdf used on input line 151.
(pdftex.def)             Requested size: 142.54974pt x 110.43721pt.

<./images/rod2-lambda.pdf, id=211, 474.77374pt x 369.38pt>
File: ./images/rod2-lambda.pdf Graphic file (type pdf)

<use ./images/rod2-lambda.pdf>
Package pdftex.def Info: ./images/rod2-lambda.pdf used on input line 152.
(pdftex.def)             Requested size: 142.54974pt x 110.90503pt.

<./images/rod3-lambda.pdf, id=212, 474.77374pt x 369.38pt>
File: ./images/rod3-lambda.pdf Graphic file (type pdf)

<use ./images/rod3-lambda.pdf>
Package pdftex.def Info: ./images/rod3-lambda.pdf used on input line 154.
(pdftex.def)             Requested size: 142.54974pt x 110.90503pt.

<./images/rod4-lambda.pdf, id=213, 474.77374pt x 374.39874pt>
File: ./images/rod4-lambda.pdf Graphic file (type pdf)

<use ./images/rod4-lambda.pdf>
Package pdftex.def Info: ./images/rod4-lambda.pdf used on input line 155.
(pdftex.def)             Requested size: 142.54974pt x 112.4119pt.

<./images/rod-L2.pdf, id=214, 452.69125pt x 256.96pt>
File: ./images/rod-L2.pdf Graphic file (type pdf)

<use ./images/rod-L2.pdf>
Package pdftex.def Info: ./images/rod-L2.pdf used on input line 172.
(pdftex.def)             Requested size: 118.79025pt x 67.42752pt.

<./images/rod-Finsler1.pdf, id=215, 452.69125pt x 240.9pt>
File: ./images/rod-Finsler1.pdf Graphic file (type pdf)

<use ./images/rod-Finsler1.pdf>
Package pdftex.def Info: ./images/rod-Finsler1.pdf used on input line 173.
(pdftex.def)             Requested size: 118.79025pt x 63.21329pt.

<./images/rod-Finsler2.pdf, id=216, 452.69125pt x 194.7275pt>
File: ./images/rod-Finsler2.pdf Graphic file (type pdf)

<use ./images/rod-Finsler2.pdf>
Package pdftex.def Info: ./images/rod-Finsler2.pdf used on input line 174.
(pdftex.def)             Requested size: 156.804pt x 67.44847pt.


LaTeX Warning: `!h' float specifier changed to `!ht'.


Overfull \hbox (2.02684pt too wide) in paragraph at lines 183--184
[][] \OT1/ptm/b/n/12 Ap-pli-ca-tion to the match-ing prob-lem.[] \OT1/ptm/m/n/1
2 We now show an ap-pli-ca-tion of the Finsler de-scent method
 []

<./images/harm-finsler-simil--initial.pdf, id=217, 361.35pt x 357.335pt>
File: ./images/harm-finsler-simil--initial.pdf Graphic file (type pdf)

<use ./images/harm-finsler-simil--initial.pdf>
Package pdftex.def Info: ./images/harm-finsler-simil--initial.pdf used on input
 line 189.
(pdftex.def)             Requested size: 90.28174pt x 89.27899pt.

<./images/harm-finsler-simil-1.pdf, id=218, 360.34625pt x 357.335pt>
File: ./images/harm-finsler-simil-1.pdf Graphic file (type pdf)

<use ./images/harm-finsler-simil-1.pdf>
Package pdftex.def Info: ./images/harm-finsler-simil-1.pdf used on input line 1
90.
(pdftex.def)             Requested size: 90.28174pt x 89.52435pt.

<./images/harm-finsler-simil-5.pdf, id=219, 374.39874pt x 357.335pt>
File: ./images/harm-finsler-simil-5.pdf Graphic file (type pdf)

<use ./images/harm-finsler-simil-5.pdf>
Package pdftex.def Info: ./images/harm-finsler-simil-5.pdf used on input line 1
91.
(pdftex.def)             Requested size: 90.28174pt x 86.16563pt.

<./images/harm-finsler-simil-8.pdf, id=220, 373.395pt x 357.335pt>
File: ./images/harm-finsler-simil-8.pdf Graphic file (type pdf)

<use ./images/harm-finsler-simil-8.pdf>
Package pdftex.def Info: ./images/harm-finsler-simil-8.pdf used on input line 1
92.
(pdftex.def)             Requested size: 90.28174pt x 86.39464pt.

<./images/harm-finsler-simil--final.pdf, id=221, 363.3575pt x 357.335pt>
File: ./images/harm-finsler-simil--final.pdf Graphic file (type pdf)

<use ./images/harm-finsler-simil--final.pdf>
Package pdftex.def Info: ./images/harm-finsler-simil--final.pdf used on input l
ine 193.
(pdftex.def)             Requested size: 90.28174pt x 88.78282pt.

<./images/man-finsler-simil--initial.pdf, id=222, 413.545pt x 285.065pt>
File: ./images/man-finsler-simil--initial.pdf Graphic file (type pdf)

<use ./images/man-finsler-simil--initial.pdf>
Package pdftex.def Info: ./images/man-finsler-simil--initial.pdf used on input 
line 194.
(pdftex.def)             Requested size: 130.96779pt x 90.28174pt.

<./images/man-finsler-simil-3.pdf, id=223, 413.545pt x 285.065pt>
File: ./images/man-finsler-simil-3.pdf Graphic file (type pdf)

<use ./images/man-finsler-simil-3.pdf>
Package pdftex.def Info: ./images/man-finsler-simil-3.pdf used on input line 19
5.
(pdftex.def)             Requested size: 130.96779pt x 90.28174pt.

<./images/man-finsler-simil-6.pdf, id=224, 413.545pt x 285.065pt>
File: ./images/man-finsler-simil-6.pdf Graphic file (type pdf)

<use ./images/man-finsler-simil-6.pdf>
Package pdftex.def Info: ./images/man-finsler-simil-6.pdf used on input line 19
6.
(pdftex.def)             Requested size: 130.96779pt x 90.28174pt.

<./images/man-finsler-simil-18.pdf, id=225, 413.545pt x 291.0875pt>
File: ./images/man-finsler-simil-18.pdf Graphic file (type pdf)

<use ./images/man-finsler-simil-18.pdf>
Package pdftex.def Info: ./images/man-finsler-simil-18.pdf used on input line 1
97.
(pdftex.def)             Requested size: 128.26071pt x 90.28174pt.

<./images/man-finsler-simil--final.pdf, id=226, 452.69125pt x 319.1925pt>
File: ./images/man-finsler-simil--final.pdf Graphic file (type pdf)

<use ./images/man-finsler-simil--final.pdf>
Package pdftex.def Info: ./images/man-finsler-simil--final.pdf used on input li
ne 198.
(pdftex.def)             Requested size: 128.03748pt x 90.28174pt.

<./images/horse-finsler-simil--initial.pdf, id=227, 392.46625pt x 357.335pt>
File: ./images/horse-finsler-simil--initial.pdf Graphic file (type pdf)

<use ./images/horse-finsler-simil--initial.pdf>
Package pdftex.def Info: ./images/horse-finsler-simil--initial.pdf used on inpu
t line 199.
(pdftex.def)             Requested size: 99.15831pt x 90.28174pt.

<./images/horse-finsler-simil-1.pdf, id=228, 399.4925pt x 357.335pt>
File: ./images/horse-finsler-simil-1.pdf Graphic file (type pdf)

<use ./images/horse-finsler-simil-1.pdf>
Package pdftex.def Info: ./images/horse-finsler-simil-1.pdf used on input line 
200.
(pdftex.def)             Requested size: 100.93353pt x 90.28174pt.

<./images/horse-finsler-simil-3.pdf, id=229, 395.4775pt x 357.335pt>
File: ./images/horse-finsler-simil-3.pdf Graphic file (type pdf)

<use ./images/horse-finsler-simil-3.pdf>
Package pdftex.def Info: ./images/horse-finsler-simil-3.pdf used on input line 
201.
(pdftex.def)             Requested size: 99.91913pt x 90.28174pt.

<./images/horse-finsler-simil-5.pdf, id=230, 395.4775pt x 357.335pt>
File: ./images/horse-finsler-simil-5.pdf Graphic file (type pdf)

<use ./images/horse-finsler-simil-5.pdf>
Package pdftex.def Info: ./images/horse-finsler-simil-5.pdf used on input line 
202.
(pdftex.def)             Requested size: 99.91913pt x 90.28174pt.

<./images/horse-finsler-simil--final.pdf, id=231, 397.485pt x 357.335pt>
File: ./images/horse-finsler-simil--final.pdf Graphic file (type pdf)

<use ./images/horse-finsler-simil--final.pdf>
Package pdftex.def Info: ./images/horse-finsler-simil--final.pdf used on input 
line 203.
(pdftex.def)             Requested size: 100.42633pt x 90.28174pt.


LaTeX Warning: `h' float specifier changed to `ht'.

) (./sec-conclusion.tex [38 <./images/rod1-lambda.pdf> <./images/rod2-lambda.pd
f> <./images/rod3-lambda.pdf> <./images/rod4-lambda.pdf>]) (./sec-appendix.tex
[39 <./images/rod-L2.pdf> <./images/rod-Finsler1.pdf> <./images/rod-Finsler2.pd
f>] [40 <./images/harm-finsler-simil--initial.pdf> <./images/harm-finsler-simil
-1.pdf> <./images/harm-finsler-simil-5.pdf> <./images/harm-finsler-simil-8.pdf>
 <./images/harm-finsler-simil--final.pdf> <./images/man-finsler-simil--initial.
pdf> <./images/man-finsler-simil-3.pdf> <./images/man-finsler-simil-6.pdf> <./i
mages/man-finsler-simil-18.pdf> <./images/man-finsler-simil--final.pdf> <./imag
es/horse-finsler-simil--initial.pdf> <./images/horse-finsler-simil-1.pdf> <./im
ages/horse-finsler-simil-3.pdf> <./images/horse-finsler-simil-5.pdf> <./images/
horse-finsler-simil--final.pdf>]) (./PiecewiseRigidityGradient.bbl [41]
[42] [43]) [44] (./PiecewiseRigidityGradient.aux)

LaTeX Warning: There were multiply-defined labels.

 ) 
Here is how much of TeX's memory you used:
 13743 strings out of 493014
 264975 string characters out of 6133351
 299609 words of memory out of 5000000
 16874 multiletter control sequences out of 15000+600000
 39780 words of font info for 99 fonts, out of 8000000 for 9000
 1141 hyphenation exceptions out of 8191
 55i,34n,54p,3042b,530s stack positions out of 5000i,500n,10000p,200000b,80000s
{/usr/local/texlive/2016/texmf-dist/fonts/enc/dvips/base/8r.enc}</usr/local/t
exlive/2016/texmf-dist/fonts/type1/public/amsfonts/cm/cmbx12.pfb></usr/local/te
xlive/2016/texmf-dist/fonts/type1/public/amsfonts/cm/cmex10.pfb></usr/local/tex
live/2016/texmf-dist/fonts/type1/public/amsfonts/cm/cmmi12.pfb></usr/local/texl
ive/2016/texmf-dist/fonts/type1/public/amsfonts/cm/cmmi6.pfb></usr/local/texliv
e/2016/texmf-dist/fonts/type1/public/amsfonts/cm/cmmi8.pfb></usr/local/texlive/
2016/texmf-dist/fonts/type1/public/amsfonts/cm/cmr10.pfb></usr/local/texlive/20
16/texmf-dist/fonts/type1/public/amsfonts/cm/cmr12.pfb></usr/local/texlive/2016
/texmf-dist/fonts/type1/public/amsfonts/cm/cmr6.pfb></usr/local/texlive/2016/te
xmf-dist/fonts/type1/public/amsfonts/cm/cmr8.pfb></usr/local/texlive/2016/texmf
-dist/fonts/type1/public/amsfonts/cm/cmsy10.pfb></usr/local/texlive/2016/texmf-
dist/fonts/type1/public/amsfonts/cm/cmsy6.pfb></usr/local/texlive/2016/texmf-di
st/fonts/type1/public/amsfonts/cm/cmsy7.pfb></usr/local/texlive/2016/texmf-dist
/fonts/type1/public/amsfonts/cm/cmsy8.pfb></usr/local/texlive/2016/texmf-dist/f
onts/type1/public/amsfonts/symbols/msam10.pfb></usr/local/texlive/2016/texmf-di
st/fonts/type1/public/amsfonts/symbols/msbm10.pfb></usr/local/texlive/2016/texm
f-dist/fonts/type1/public/rsfs/rsfs10.pfb></usr/local/texlive/2016/texmf-dist/f
onts/type1/urw/courier/ucrr8a.pfb></usr/local/texlive/2016/texmf-dist/fonts/typ
e1/urw/times/utmb8a.pfb></usr/local/texlive/2016/texmf-dist/fonts/type1/urw/tim
es/utmr8a.pfb></usr/local/texlive/2016/texmf-dist/fonts/type1/urw/times/utmr8a.
pfb></usr/local/texlive/2016/texmf-dist/fonts/type1/urw/times/utmri8a.pfb>
Output written on PiecewiseRigidityGradient.pdf (44 pages, 1119376 bytes).
PDF statistics:
 384 PDF objects out of 1000 (max. 8388607)
 268 compressed objects within 3 object streams
 0 named destinations out of 1000 (max. 500000)
 198 words of extra memory for PDF output out of 10000 (max. 10000000)

